running egg_info
writing ../../build/xycar_simulator/xycar_simulator.egg-info/PKG-INFO
writing dependency_links to ../../build/xycar_simulator/xycar_simulator.egg-info/dependency_links.txt
writing entry points to ../../build/xycar_simulator/xycar_simulator.egg-info/entry_points.txt
writing top-level names to ../../build/xycar_simulator/xycar_simulator.egg-info/top_level.txt
reading manifest file '../../build/xycar_simulator/xycar_simulator.egg-info/SOURCES.txt'
writing manifest file '../../build/xycar_simulator/xycar_simulator.egg-info/SOURCES.txt'
running build
running build_py
creating /home/kwaksoobeom/xycar_ws/build/xycar_simulator/build
creating /home/kwaksoobeom/xycar_ws/build/xycar_simulator/build/lib
copying scripts/pygame_gui.py -> /home/kwaksoobeom/xycar_ws/build/xycar_simulator/build/lib
copying scripts/reeds_shepp.py -> /home/kwaksoobeom/xycar_ws/build/xycar_simulator/build/lib
running install
running install_lib
copying /home/kwaksoobeom/xycar_ws/build/xycar_simulator/build/lib/reeds_shepp.py -> /home/kwaksoobeom/xycar_ws/install/xycar_simulator/lib/python3.10/site-packages
copying /home/kwaksoobeom/xycar_ws/build/xycar_simulator/build/lib/pygame_gui.py -> /home/kwaksoobeom/xycar_ws/install/xycar_simulator/lib/python3.10/site-packages
byte-compiling /home/kwaksoobeom/xycar_ws/install/xycar_simulator/lib/python3.10/site-packages/reeds_shepp.py to reeds_shepp.cpython-310.pyc
byte-compiling /home/kwaksoobeom/xycar_ws/install/xycar_simulator/lib/python3.10/site-packages/pygame_gui.py to pygame_gui.cpython-310.pyc
running install_data
copying package.xml -> /home/kwaksoobeom/xycar_ws/install/xycar_simulator/share/xycar_simulator
running install_egg_info
Copying ../../build/xycar_simulator/xycar_simulator.egg-info to /home/kwaksoobeom/xycar_ws/install/xycar_simulator/lib/python3.10/site-packages/xycar_simulator-0.1.0-py3.10.egg-info
running install_scripts
Installing xycar_gui script to /home/kwaksoobeom/xycar_ws/install/xycar_simulator/lib/xycar_simulator
writing list of installed files to '/home/kwaksoobeom/xycar_ws/build/xycar_simulator/install.log'
